<?xml version="1.0" encoding="UTF-8"?>
<!-- Generated by org.testng.reporters.JUnitXMLReporter -->
<testsuite hostname="ShAmIm" ignored="0" name="LoginTest" tests="1" failures="1" timestamp="2021-01-30T22:04:42 CST" time="11.328" errors="0">
  <testcase name="validUserShouldBeAbleToAddCustomer" time="11.282" classname="test.addCustomerTest">
    <failure type="java.lang.AssertionError" message="DashboardHeader not found!! expected [Dashboard] but found [Contacts]">
      <![CDATA[java.lang.AssertionError: DashboardHeader not found!! expected [Dashboard] but found [Contacts]
at page.DashBoardPage.validateDashboardHeader(DashBoardPage.java:18)
at test.addCustomerTest.validUserShouldBeAbleToAddCustomer(addCustomerTest.java:57)
at java.util.ArrayList.forEach(ArrayList.java:1259)
... Removed 32 stack frames]]>
    </failure>
  </testcase> <!-- validUserShouldBeAbleToAddCustomer -->
</testsuite> <!-- LoginTest -->
