<?xml version="1.0" encoding="UTF-8"?>
<testng-results skipped="0" failed="0" ignored="0" total="1" passed="1">
  <reporter-output>
  </reporter-output>
  <suite name="Regression" duration-ms="23122" started-at="2021-02-04T20:04:45 CST" finished-at="2021-02-04T20:05:08 CST">
    <groups>
    </groups>
    <test name="addCustomerTest" duration-ms="23122" started-at="2021-02-04T20:04:45 CST" finished-at="2021-02-04T20:05:08 CST">
      <class name="test.addCustomerTest">
        <test-method status="PASS" signature="validUserShouldBeAbleToAddCustomer(java.lang.String, java.lang.String, java.lang.String, java.lang.String, java.lang.String, java.lang.String, java.lang.String, java.lang.String, java.lang.String, java.lang.String, java.lang.String)[pri:0, instance:test.addCustomerTest@6737fd8f]" name="validUserShouldBeAbleToAddCustomer" duration-ms="23048" started-at="2021-02-04T20:04:45 CST" finished-at="2021-02-04T20:05:08 CST">
          <params>
            <param index="0">
              <value>
                <![CDATA[demo@techfios.com]]>
              </value>
            </param>
            <param index="1">
              <value>
                <![CDATA[abc123]]>
              </value>
            </param>
            <param index="2">
              <value>
                <![CDATA[Shamim Rahman]]>
              </value>
            </param>
            <param index="3">
              <value>
                <![CDATA[Techfios]]>
              </value>
            </param>
            <param index="4">
              <value>
                <![CDATA[abc@techfios.com]]>
              </value>
            </param>
            <param index="5">
              <value>
                <![CDATA[1234567890]]>
              </value>
            </param>
            <param index="6">
              <value>
                <![CDATA[Techfios Building]]>
              </value>
            </param>
            <param index="7">
              <value>
                <![CDATA[Carrolton]]>
              </value>
            </param>
            <param index="8">
              <value>
                <![CDATA[TX]]>
              </value>
            </param>
            <param index="9">
              <value>
                <![CDATA[75009]]>
              </value>
            </param>
            <param index="10">
              <value>
                <![CDATA[Bangladesh]]>
              </value>
            </param>
          </params>
          <reporter-output>
          </reporter-output>
        </test-method> <!-- validUserShouldBeAbleToAddCustomer -->
      </class> <!-- test.addCustomerTest -->
    </test> <!-- addCustomerTest -->
  </suite> <!-- Regression -->
</testng-results>
